*********************************************************
Force Field parameters: 
*********************************************************
Symbol  mass (amu)  epislon (kcal/mol)  sigma(Angstroms) 
C 12.011000 0.115737 3.399126
N 14.007000 0.070000 3.821153
H 1.008000 0.060000 2.200465
O 15.999000 0.047432 3.004968
S 32.060000 0.130563 3.255450
P 30.973800 0.160000 3.212304
F 18.998400 0.046490 3.128500
*********************************************************
MOLECULE:: orientation around the inertia principal axis 
*********************************************************
Inertia matrix a.u. Ang^2: 
{  1579.480809  46.607066  19.797352  }
{  46.607066  3513.091825  -14.518194  }
{  19.797352  -14.518194  4093.928074  }
Rotation matrix applied to molecule: 
{  0.007418  -0.024371  0.999675  }
{  -0.999677  0.024140  0.008006  }
{  -0.024327  -0.999411  -0.024184  }
Molecule radius: 6.248305 Ang
orientation time of molecule target: 0.006764 s
target mass: 342.434000 amu
gas mass: 28.014000 amu
reduce mass: 28.014000 amu
charge state: 0.999999 e
*********************************************************
Equipotential Ellipsoid: 
*********************************************************
Axis Length: 35.809412 36.124591 36.466092 Ang
Uncertainy: 0.105633 0.107225 0.104053
Percent Uncert: 0.294988 0.296821 0.288038
RMSD: 0.046203
Covariance matrix: 0.046203
{  0.011158  -0.002879  -0.002670  }
{  -0.002879  0.011497  -0.002695  }
{  -0.002670  -0.002695  0.010827  }
Average ellipsoid axes: 36.133365 +/- 0.043454 Ang
Ellipsoid surface area: 16406.728332 +/- 39.462964 Ang^2
Ellipsoid axes further expanded by: 1.350000 Ang
ellipsoid axis length: 37.159412 37.474591 37.816092 Ang
ellipsoid calculation time: 41.030709 s
maximal impact parameter: 37.816092 Ang
*********************************************************
Linked-cell: 
Numbers of cells: 343
Nx: 7 Ny: 7 Nz: 7
Filled cells: 1
Empty cells: 342
Average atoms per cell: 47.000000
Maximum atoms per cell: 47
Minimum atoms per cell: 47
Simulation box: 
lx: 84.070000 Ang
ly: 84.070000 Ang
lz: 84.070000 Ang
linked-cell calculation time: 0.000688 s
*********************************************************
Trajectory calculations 
*********************************************************
Ntraj: 10000
Nfree: 175
Nscatter: 9792
Nlost: 33
omega: 189.164364
Ntraj: 10000
Nfree: 152
Nscatter: 9809
Nlost: 39
omega: 186.575832
Ntraj: 10000
Nfree: 149
Nscatter: 9817
Nlost: 34
omega: 177.474756
Ntraj: 10000
Nfree: 163
Nscatter: 9810
Nlost: 27
omega: 180.368767
Ntraj: 10000
Nfree: 172
Nscatter: 9801
Nlost: 27
omega: 193.952249
Ntraj: 10000
Nfree: 191
Nscatter: 9776
Nlost: 33
omega: 189.362734
Ntraj: 10000
Nfree: 184
Nscatter: 9787
Nlost: 29
omega: 186.856778
Ntraj: 10000
Nfree: 156
Nscatter: 9819
Nlost: 25
omega: 179.248301
Ntraj: 10000
Nfree: 149
Nscatter: 9813
Nlost: 38
omega: 175.393095
Ntraj: 10000
Nfree: 155
Nscatter: 9816
Nlost: 29
omega: 198.460996
CCS time: 21.059167 s
--------------------------------------------------------
average value of CCS = 185.685787 Ang^2
error value of CCS = 2.241421 Ang^2
Total time: 62.098008 s
