*********************************************************
Force Field parameters: 
*********************************************************
Symbol  mass (amu)  epislon (kcal/mol)  sigma(Angstroms) 
C 12.011000 0.115737 3.399126
N 14.007000 0.070000 3.821153
H 1.008000 0.060000 2.200465
O 15.999000 0.047432 3.004968
S 32.060000 0.130563 3.255450
P 30.973800 0.160000 3.212304
F 18.998400 0.046490 3.128500
*********************************************************
MOLECULE:: orientation around the inertia principal axis 
*********************************************************
Inertia matrix a.u. Ang^2: 
{  3024.793728  14.271946  -29.267158  }
{  14.271946  18760.085416  10.948955  }
{  -29.267158  10.948955  20501.007520  }
Rotation matrix applied to molecule: 
{  0.001670  -0.006275  -0.999979  }
{  -0.999998  0.000908  -0.001675  }
{  0.000919  0.999980  -0.006273  }
Molecule radius: 11.001960 Ang
orientation time of molecule target: 0.001483 s
target mass: 609.696000 amu
gas mass: 28.014000 amu
reduce mass: 28.014000 amu
charge state: 0.999996 e
*********************************************************
Equipotential Ellipsoid: 
*********************************************************
Axis Length: 36.646577 37.647857 37.455147 Ang
Uncertainy: 0.274611 0.288385 0.299705
Percent Uncert: 0.749350 0.766005 0.796073
RMSD: 0.118975
Covariance matrix: 0.118975
{  0.075411  -0.019527  -0.020980  }
{  -0.019527  0.083166  -0.021902  }
{  -0.020980  -0.021902  0.089823  }
Average ellipsoid axes: 37.249860 +/- 0.117180 Ang
Ellipsoid surface area: 17436.039309 +/- 109.680125 Ang^2
Ellipsoid axes further expanded by: 2.990000 Ang
ellipsoid axis length: 39.636577 40.637857 40.445147 Ang
ellipsoid calculation time: 60.854914 s
maximal impact parameter: 40.637857 Ang
*********************************************************
Linked-cell: 
Numbers of cells: 343
Nx: 7 Ny: 7 Nz: 7
Filled cells: 3
Empty cells: 340
Average atoms per cell: 28.333334
Maximum atoms per cell: 56
Minimum atoms per cell: 14
Simulation box: 
lx: 84.070000 Ang
ly: 84.070000 Ang
lz: 84.070000 Ang
linked-cell calculation time: 0.000689 s
*********************************************************
Trajectory calculations 
*********************************************************
Ntraj: 10000
Nfree: 188
Nscatter: 9759
Nlost: 53
omega: 293.993742
Ntraj: 10000
Nfree: 177
Nscatter: 9761
Nlost: 62
omega: 291.763923
Ntraj: 10000
Nfree: 169
Nscatter: 9779
Nlost: 52
omega: 282.245050
Ntraj: 10000
Nfree: 195
Nscatter: 9756
Nlost: 49
omega: 291.447764
Ntraj: 10000
Nfree: 218
Nscatter: 9728
Nlost: 54
omega: 297.351641
Ntraj: 10000
Nfree: 191
Nscatter: 9752
Nlost: 57
omega: 302.587636
Ntraj: 10000
Nfree: 193
Nscatter: 9755
Nlost: 52
omega: 284.001497
Ntraj: 10000
Nfree: 185
Nscatter: 9748
Nlost: 67
omega: 263.430029
Ntraj: 10000
Nfree: 190
Nscatter: 9741
Nlost: 69
omega: 261.129029
Ntraj: 10000
Nfree: 180
Nscatter: 9762
Nlost: 58
omega: 298.449053
CCS time: 34.405263 s
--------------------------------------------------------
average value of CCS = 286.639936 Ang^2
error value of CCS = 4.275227 Ang^2
Total time: 95.263476 s
