*********************************************************
Force Field parameters: 
*********************************************************
Symbol  mass (amu)  epislon (kcal/mol)  sigma(Angstroms) 
C 12.011000 0.115737 3.399126
N 14.007000 0.070000 3.821153
H 1.008000 0.060000 2.200465
O 15.999000 0.047432 3.004968
S 32.060000 0.130563 3.255450
P 30.973800 0.160000 3.212304
F 18.998400 0.046490 3.128500
*********************************************************
MOLECULE:: orientation around the inertia principal axis 
*********************************************************
Inertia matrix a.u. Ang^2: 
{  1134.602737  -9.271596  -4.108961  }
{  -9.271596  5161.206684  1.308357  }
{  -4.108961  1.308357  5422.795655  }
Rotation matrix applied to molecule: 
{  0.000969  -0.005036  -0.999987  }
{  0.999997  0.002302  0.000957  }
{  0.002297  -0.999985  0.005038  }
Molecule radius: 6.954788 Ang
orientation time of molecule target: 0.001357 s
target mass: 393.475400 amu
gas mass: 28.014000 amu
reduce mass: 28.014000 amu
charge state: 0.999991 e
*********************************************************
Equipotential Ellipsoid: 
*********************************************************
Axis Length: 35.840576 36.110129 37.443546 Ang
Uncertainy: 0.192754 0.195049 0.205718
Percent Uncert: 0.537809 0.540149 0.569695
RMSD: 0.085149
Covariance matrix: 0.085149
{  0.037154  -0.009439  -0.009822  }
{  -0.009439  0.038044  -0.009888  }
{  -0.009822  -0.009888  0.042320  }
Average ellipsoid axes: 36.464750 +/- 0.081117 Ang
Ellipsoid surface area: 16707.973666 +/- 74.311415 Ang^2
Ellipsoid axes further expanded by: 1.850000 Ang
ellipsoid axis length: 37.690576 37.960129 39.293546 Ang
ellipsoid calculation time: 45.067729 s
maximal impact parameter: 39.293546 Ang
*********************************************************
Linked-cell: 
Numbers of cells: 343
Nx: 7 Ny: 7 Nz: 7
Filled cells: 3
Empty cells: 340
Average atoms per cell: 19.333334
Maximum atoms per cell: 54
Minimum atoms per cell: 2
Simulation box: 
lx: 84.070000 Ang
ly: 84.070000 Ang
lz: 84.070000 Ang
linked-cell calculation time: 0.000685 s
*********************************************************
Trajectory calculations 
*********************************************************
Ntraj: 10000
Nfree: 503
Nscatter: 9464
Nlost: 33
omega: 201.876078
Ntraj: 10000
Nfree: 446
Nscatter: 9515
Nlost: 39
omega: 188.842444
Ntraj: 10000
Nfree: 487
Nscatter: 9485
Nlost: 28
omega: 183.136041
Ntraj: 10000
Nfree: 492
Nscatter: 9468
Nlost: 40
omega: 187.701002
Ntraj: 10000
Nfree: 523
Nscatter: 9443
Nlost: 34
omega: 191.659025
Ntraj: 10000
Nfree: 478
Nscatter: 9490
Nlost: 32
omega: 195.890762
Ntraj: 10000
Nfree: 478
Nscatter: 9492
Nlost: 30
omega: 179.046304
Ntraj: 10000
Nfree: 510
Nscatter: 9456
Nlost: 34
omega: 180.816870
Ntraj: 10000
Nfree: 491
Nscatter: 9478
Nlost: 31
omega: 185.500165
Ntraj: 10000
Nfree: 468
Nscatter: 9501
Nlost: 31
omega: 195.271492
CCS time: 24.190791 s
--------------------------------------------------------
average value of CCS = 188.974018 Ang^2
error value of CCS = 2.177287 Ang^2
Total time: 69.261576 s
